  Printer.cpp
c:\users\eops-pc\documents\old college projects\printer\printer\printer\printer.cpp(48): warning C4996: 'strcpy': This function or variable may be unsafe. Consider using strcpy_s instead. To disable deprecation, use _CRT_SECURE_NO_WARNINGS. See online help for details.
  c:\program files (x86)\windows kits\10\include\10.0.17134.0\ucrt\string.h(133): note: see declaration of 'strcpy'
c:\users\eops-pc\documents\old college projects\printer\printer\printer\printer.cpp(68): warning C4996: 'strcpy': This function or variable may be unsafe. Consider using strcpy_s instead. To disable deprecation, use _CRT_SECURE_NO_WARNINGS. See online help for details.
  c:\program files (x86)\windows kits\10\include\10.0.17134.0\ucrt\string.h(133): note: see declaration of 'strcpy'
c:\users\eops-pc\documents\old college projects\printer\printer\printer\printer.cpp(70): warning C4996: 'strcpy': This function or variable may be unsafe. Consider using strcpy_s instead. To disable deprecation, use _CRT_SECURE_NO_WARNINGS. See online help for details.
  c:\program files (x86)\windows kits\10\include\10.0.17134.0\ucrt\string.h(133): note: see declaration of 'strcpy'
c:\users\eops-pc\documents\old college projects\printer\printer\printer\printer.cpp(93): warning C4996: 'strcpy': This function or variable may be unsafe. Consider using strcpy_s instead. To disable deprecation, use _CRT_SECURE_NO_WARNINGS. See online help for details.
  c:\program files (x86)\windows kits\10\include\10.0.17134.0\ucrt\string.h(133): note: see declaration of 'strcpy'
c:\users\eops-pc\documents\old college projects\printer\printer\printer\printer.cpp(131): warning C4996: 'strcpy': This function or variable may be unsafe. Consider using strcpy_s instead. To disable deprecation, use _CRT_SECURE_NO_WARNINGS. See online help for details.
  c:\program files (x86)\windows kits\10\include\10.0.17134.0\ucrt\string.h(133): note: see declaration of 'strcpy'
c:\users\eops-pc\documents\old college projects\printer\printer\printer\printer.cpp(185): warning C4101: 'returnValue': unreferenced local variable
c:\users\eops-pc\documents\old college projects\printer\printer\printer\printer.cpp(260): warning C4996: 'strcpy': This function or variable may be unsafe. Consider using strcpy_s instead. To disable deprecation, use _CRT_SECURE_NO_WARNINGS. See online help for details.
  c:\program files (x86)\windows kits\10\include\10.0.17134.0\ucrt\string.h(133): note: see declaration of 'strcpy'
c:\users\eops-pc\documents\old college projects\printer\printer\printer\printer.cpp(304): warning C4996: 'strcpy': This function or variable may be unsafe. Consider using strcpy_s instead. To disable deprecation, use _CRT_SECURE_NO_WARNINGS. See online help for details.
  c:\program files (x86)\windows kits\10\include\10.0.17134.0\ucrt\string.h(133): note: see declaration of 'strcpy'
c:\users\eops-pc\documents\old college projects\printer\printer\printer\printer.cpp(427): warning C4996: 'strcpy': This function or variable may be unsafe. Consider using strcpy_s instead. To disable deprecation, use _CRT_SECURE_NO_WARNINGS. See online help for details.
  c:\program files (x86)\windows kits\10\include\10.0.17134.0\ucrt\string.h(133): note: see declaration of 'strcpy'
c:\users\eops-pc\documents\old college projects\printer\printer\printer\printer.cpp(444): warning C4996: 'strcpy': This function or variable may be unsafe. Consider using strcpy_s instead. To disable deprecation, use _CRT_SECURE_NO_WARNINGS. See online help for details.
  c:\program files (x86)\windows kits\10\include\10.0.17134.0\ucrt\string.h(133): note: see declaration of 'strcpy'
c:\users\eops-pc\documents\old college projects\printer\printer\printer\printer.cpp(446): warning C4996: 'strcpy': This function or variable may be unsafe. Consider using strcpy_s instead. To disable deprecation, use _CRT_SECURE_NO_WARNINGS. See online help for details.
  c:\program files (x86)\windows kits\10\include\10.0.17134.0\ucrt\string.h(133): note: see declaration of 'strcpy'
c:\users\eops-pc\documents\old college projects\printer\printer\printer\printer.cpp(538): warning C4996: 'strcpy': This function or variable may be unsafe. Consider using strcpy_s instead. To disable deprecation, use _CRT_SECURE_NO_WARNINGS. See online help for details.
  c:\program files (x86)\windows kits\10\include\10.0.17134.0\ucrt\string.h(133): note: see declaration of 'strcpy'
c:\users\eops-pc\documents\old college projects\printer\printer\printer\printer.cpp(539): warning C4996: 'strcpy': This function or variable may be unsafe. Consider using strcpy_s instead. To disable deprecation, use _CRT_SECURE_NO_WARNINGS. See online help for details.
  c:\program files (x86)\windows kits\10\include\10.0.17134.0\ucrt\string.h(133): note: see declaration of 'strcpy'
c:\users\eops-pc\documents\old college projects\printer\printer\printer\printer.cpp(565): warning C4996: 'strcpy': This function or variable may be unsafe. Consider using strcpy_s instead. To disable deprecation, use _CRT_SECURE_NO_WARNINGS. See online help for details.
  c:\program files (x86)\windows kits\10\include\10.0.17134.0\ucrt\string.h(133): note: see declaration of 'strcpy'
c:\users\eops-pc\documents\old college projects\printer\printer\printer\printer.cpp(566): warning C4996: 'strcpy': This function or variable may be unsafe. Consider using strcpy_s instead. To disable deprecation, use _CRT_SECURE_NO_WARNINGS. See online help for details.
  c:\program files (x86)\windows kits\10\include\10.0.17134.0\ucrt\string.h(133): note: see declaration of 'strcpy'
c:\users\eops-pc\documents\old college projects\printer\printer\printer\printer.cpp(590): warning C4018: '<': signed/unsigned mismatch
c:\users\eops-pc\documents\old college projects\printer\printer\printer\printer.cpp(619): warning C4996: 'strcpy': This function or variable may be unsafe. Consider using strcpy_s instead. To disable deprecation, use _CRT_SECURE_NO_WARNINGS. See online help for details.
  c:\program files (x86)\windows kits\10\include\10.0.17134.0\ucrt\string.h(133): note: see declaration of 'strcpy'
c:\users\eops-pc\documents\old college projects\printer\printer\printer\printer.cpp(620): warning C4996: 'strcpy': This function or variable may be unsafe. Consider using strcpy_s instead. To disable deprecation, use _CRT_SECURE_NO_WARNINGS. See online help for details.
  c:\program files (x86)\windows kits\10\include\10.0.17134.0\ucrt\string.h(133): note: see declaration of 'strcpy'
c:\users\eops-pc\documents\old college projects\printer\printer\printer\printer.cpp(661): warning C4996: 'strcpy': This function or variable may be unsafe. Consider using strcpy_s instead. To disable deprecation, use _CRT_SECURE_NO_WARNINGS. See online help for details.
  c:\program files (x86)\windows kits\10\include\10.0.17134.0\ucrt\string.h(133): note: see declaration of 'strcpy'
c:\users\eops-pc\documents\old college projects\printer\printer\printer\printer.cpp(662): warning C4996: 'strcpy': This function or variable may be unsafe. Consider using strcpy_s instead. To disable deprecation, use _CRT_SECURE_NO_WARNINGS. See online help for details.
  c:\program files (x86)\windows kits\10\include\10.0.17134.0\ucrt\string.h(133): note: see declaration of 'strcpy'
c:\users\eops-pc\documents\old college projects\printer\printer\printer\printer.cpp(673): warning C4996: 'strcpy': This function or variable may be unsafe. Consider using strcpy_s instead. To disable deprecation, use _CRT_SECURE_NO_WARNINGS. See online help for details.
  c:\program files (x86)\windows kits\10\include\10.0.17134.0\ucrt\string.h(133): note: see declaration of 'strcpy'
c:\users\eops-pc\documents\old college projects\printer\printer\printer\printer.cpp(768): warning C4996: 'strcpy': This function or variable may be unsafe. Consider using strcpy_s instead. To disable deprecation, use _CRT_SECURE_NO_WARNINGS. See online help for details.
  c:\program files (x86)\windows kits\10\include\10.0.17134.0\ucrt\string.h(133): note: see declaration of 'strcpy'
c:\users\eops-pc\documents\old college projects\printer\printer\printer\printer.cpp(1310): warning C4996: 'strcpy': This function or variable may be unsafe. Consider using strcpy_s instead. To disable deprecation, use _CRT_SECURE_NO_WARNINGS. See online help for details.
  c:\program files (x86)\windows kits\10\include\10.0.17134.0\ucrt\string.h(133): note: see declaration of 'strcpy'
c:\users\eops-pc\documents\old college projects\printer\printer\printer\printer.cpp(1565): warning C4996: 'scanf': This function or variable may be unsafe. Consider using scanf_s instead. To disable deprecation, use _CRT_SECURE_NO_WARNINGS. See online help for details.
  c:\program files (x86)\windows kits\10\include\10.0.17134.0\ucrt\stdio.h(1274): note: see declaration of 'scanf'
c:\users\eops-pc\documents\old college projects\printer\printer\printer\printer.cpp(1589): warning C4996: 'strcpy': This function or variable may be unsafe. Consider using strcpy_s instead. To disable deprecation, use _CRT_SECURE_NO_WARNINGS. See online help for details.
  c:\program files (x86)\windows kits\10\include\10.0.17134.0\ucrt\string.h(133): note: see declaration of 'strcpy'
c:\users\eops-pc\documents\old college projects\printer\printer\printer\printer.cpp(1596): warning C4996: 'strcpy': This function or variable may be unsafe. Consider using strcpy_s instead. To disable deprecation, use _CRT_SECURE_NO_WARNINGS. See online help for details.
  c:\program files (x86)\windows kits\10\include\10.0.17134.0\ucrt\string.h(133): note: see declaration of 'strcpy'
c:\users\eops-pc\documents\old college projects\printer\printer\printer\printer.cpp(1602): warning C4996: 'strcpy': This function or variable may be unsafe. Consider using strcpy_s instead. To disable deprecation, use _CRT_SECURE_NO_WARNINGS. See online help for details.
  c:\program files (x86)\windows kits\10\include\10.0.17134.0\ucrt\string.h(133): note: see declaration of 'strcpy'
c:\users\eops-pc\documents\old college projects\printer\printer\printer\printer.cpp(1608): warning C4996: 'strcpy': This function or variable may be unsafe. Consider using strcpy_s instead. To disable deprecation, use _CRT_SECURE_NO_WARNINGS. See online help for details.
  c:\program files (x86)\windows kits\10\include\10.0.17134.0\ucrt\string.h(133): note: see declaration of 'strcpy'
c:\users\eops-pc\documents\old college projects\printer\printer\printer\printer.cpp(1614): warning C4996: 'strcpy': This function or variable may be unsafe. Consider using strcpy_s instead. To disable deprecation, use _CRT_SECURE_NO_WARNINGS. See online help for details.
  c:\program files (x86)\windows kits\10\include\10.0.17134.0\ucrt\string.h(133): note: see declaration of 'strcpy'
c:\users\eops-pc\documents\old college projects\printer\printer\printer\printer.cpp(1990): warning C4996: 'strcpy': This function or variable may be unsafe. Consider using strcpy_s instead. To disable deprecation, use _CRT_SECURE_NO_WARNINGS. See online help for details.
  c:\program files (x86)\windows kits\10\include\10.0.17134.0\ucrt\string.h(133): note: see declaration of 'strcpy'
c:\users\eops-pc\documents\old college projects\printer\printer\printer\printer.cpp(457): warning C4715: 'selectPaperType': not all control paths return a value
c:\users\eops-pc\documents\old college projects\printer\printer\printer\printer.cpp(676): warning C4715: 'selectColorType': not all control paths return a value
c:\users\eops-pc\documents\old college projects\printer\printer\printer\printer.cpp(719): warning C4715: 'deleteBinaryTree': not all control paths return a value
c:\users\eops-pc\documents\old college projects\printer\printer\printer\printer.cpp(824): warning C4715: 'deleteEntry': not all control paths return a value
c:\users\eops-pc\documents\old college projects\printer\printer\printer\printer.cpp(952): warning C4715: 'insertPrinterToList': not all control paths return a value
  Printer.vcxproj -> C:\Users\Eops-PC\Documents\Old College Projects\Printer\Printer\Debug\Printer.exe
